[2025-12-24 01:56:01Z INFO HostContext] No proxy settings were found based on environmental variables (http_proxy/https_proxy/HTTP_PROXY/HTTPS_PROXY)
[2025-12-24 01:56:01Z INFO HostContext] Well known directory 'Bin': 'C:\Git\academy-back-end-JavaSpring\actions-runner\bin'
[2025-12-24 01:56:01Z INFO HostContext] Well known directory 'Root': 'C:\Git\academy-back-end-JavaSpring\actions-runner'
[2025-12-24 01:56:01Z INFO HostContext] Well known config file 'Credentials': 'C:\Git\academy-back-end-JavaSpring\actions-runner\.credentials'
[2025-12-24 01:56:02Z INFO HostContext] Well known directory 'Bin': 'C:\Git\academy-back-end-JavaSpring\actions-runner\bin'
[2025-12-24 01:56:02Z INFO HostContext] Well known directory 'Root': 'C:\Git\academy-back-end-JavaSpring\actions-runner'
[2025-12-24 01:56:02Z INFO HostContext] Well known config file 'Runner': 'C:\Git\academy-back-end-JavaSpring\actions-runner\.runner'
[2025-12-24 01:56:02Z INFO Listener] Runner is built for Windows (X64) - win-x64.
[2025-12-24 01:56:02Z INFO Listener] RuntimeInformation: Microsoft Windows 10.0.26200.
[2025-12-24 01:56:02Z INFO Listener] Version: 2.330.0
[2025-12-24 01:56:02Z INFO Listener] Commit: e2088f1fc730f9e857bec485223b090ef0e3cb87
[2025-12-24 01:56:02Z INFO Listener] Culture: ko-KR
[2025-12-24 01:56:02Z INFO Listener] UI Culture: ko-KR
[2025-12-24 01:56:02Z INFO HostContext] Well known directory 'Bin': 'C:\Git\academy-back-end-JavaSpring\actions-runner\bin'
[2025-12-24 01:56:02Z INFO HostContext] Well known directory 'Root': 'C:\Git\academy-back-end-JavaSpring\actions-runner'
[2025-12-24 01:56:02Z INFO Listener] Validating directory permissions for: 'C:\Git\academy-back-end-JavaSpring\actions-runner'
[2025-12-24 01:56:02Z INFO CommandLineParser] Parse
[2025-12-24 01:56:02Z INFO CommandLineParser] Parsing 1 args
[2025-12-24 01:56:02Z INFO CommandLineParser] parsing argument
[2025-12-24 01:56:02Z INFO CommandLineParser] HasArgs: False
[2025-12-24 01:56:02Z INFO CommandLineParser] Adding Command: remove
[2025-12-24 01:56:02Z INFO Listener] Arguments parsed
[2025-12-24 01:56:02Z INFO Runner] ExecuteCommand
[2025-12-24 01:56:02Z INFO ConfigurationStore] currentAssemblyLocation: C:\Git\academy-back-end-JavaSpring\actions-runner\bin\Runner.Listener.dll
[2025-12-24 01:56:02Z INFO HostContext] Well known directory 'Bin': 'C:\Git\academy-back-end-JavaSpring\actions-runner\bin'
[2025-12-24 01:56:02Z INFO ConfigurationStore] binPath: C:\Git\academy-back-end-JavaSpring\actions-runner\bin
[2025-12-24 01:56:02Z INFO HostContext] Well known directory 'Bin': 'C:\Git\academy-back-end-JavaSpring\actions-runner\bin'
[2025-12-24 01:56:02Z INFO HostContext] Well known directory 'Root': 'C:\Git\academy-back-end-JavaSpring\actions-runner'
[2025-12-24 01:56:02Z INFO ConfigurationStore] RootFolder: C:\Git\academy-back-end-JavaSpring\actions-runner
[2025-12-24 01:56:02Z INFO HostContext] Well known directory 'Bin': 'C:\Git\academy-back-end-JavaSpring\actions-runner\bin'
[2025-12-24 01:56:02Z INFO HostContext] Well known directory 'Root': 'C:\Git\academy-back-end-JavaSpring\actions-runner'
[2025-12-24 01:56:02Z INFO HostContext] Well known config file 'Runner': 'C:\Git\academy-back-end-JavaSpring\actions-runner\.runner'
[2025-12-24 01:56:02Z INFO ConfigurationStore] ConfigFilePath: C:\Git\academy-back-end-JavaSpring\actions-runner\.runner
[2025-12-24 01:56:02Z INFO HostContext] Well known directory 'Bin': 'C:\Git\academy-back-end-JavaSpring\actions-runner\bin'
[2025-12-24 01:56:02Z INFO HostContext] Well known directory 'Root': 'C:\Git\academy-back-end-JavaSpring\actions-runner'
[2025-12-24 01:56:02Z INFO HostContext] Well known config file 'MigratedRunner': 'C:\Git\academy-back-end-JavaSpring\actions-runner\.runner_migrated'
[2025-12-24 01:56:02Z INFO ConfigurationStore] MigratedConfigFilePath: C:\Git\academy-back-end-JavaSpring\actions-runner\.runner_migrated
[2025-12-24 01:56:02Z INFO HostContext] Well known directory 'Bin': 'C:\Git\academy-back-end-JavaSpring\actions-runner\bin'
[2025-12-24 01:56:02Z INFO HostContext] Well known directory 'Root': 'C:\Git\academy-back-end-JavaSpring\actions-runner'
[2025-12-24 01:56:02Z INFO HostContext] Well known config file 'Credentials': 'C:\Git\academy-back-end-JavaSpring\actions-runner\.credentials'
[2025-12-24 01:56:02Z INFO ConfigurationStore] CredFilePath: C:\Git\academy-back-end-JavaSpring\actions-runner\.credentials
[2025-12-24 01:56:02Z INFO HostContext] Well known directory 'Bin': 'C:\Git\academy-back-end-JavaSpring\actions-runner\bin'
[2025-12-24 01:56:02Z INFO HostContext] Well known directory 'Root': 'C:\Git\academy-back-end-JavaSpring\actions-runner'
[2025-12-24 01:56:02Z INFO HostContext] Well known config file 'MigratedCredentials': 'C:\Git\academy-back-end-JavaSpring\actions-runner\.credentials_migrated'
[2025-12-24 01:56:02Z INFO ConfigurationStore] MigratedCredFilePath: C:\Git\academy-back-end-JavaSpring\actions-runner\.credentials_migrated
[2025-12-24 01:56:02Z INFO HostContext] Well known directory 'Bin': 'C:\Git\academy-back-end-JavaSpring\actions-runner\bin'
[2025-12-24 01:56:02Z INFO HostContext] Well known directory 'Root': 'C:\Git\academy-back-end-JavaSpring\actions-runner'
[2025-12-24 01:56:02Z INFO HostContext] Well known config file 'Service': 'C:\Git\academy-back-end-JavaSpring\actions-runner\.service'
[2025-12-24 01:56:02Z INFO ConfigurationStore] ServiceConfigFilePath: C:\Git\academy-back-end-JavaSpring\actions-runner\.service
[2025-12-24 01:56:02Z INFO CommandSettings] Flag 'help': 'False'
[2025-12-24 01:56:02Z INFO CommandSettings] Flag 'version': 'False'
[2025-12-24 01:56:02Z INFO CommandSettings] Flag 'commit': 'False'
[2025-12-24 01:56:02Z INFO CommandSettings] Flag 'check': 'False'
[2025-12-24 01:56:02Z INFO CommandSettings] Command 'configure': 'False'
[2025-12-24 01:56:02Z INFO CommandSettings] Command 'remove': 'True'
[2025-12-24 01:56:02Z INFO CommandSettings] Flag 'local': 'False'
[2025-12-24 01:56:02Z INFO ConfigurationStore] IsServiceConfigured()
[2025-12-24 01:56:02Z INFO ConfigurationStore] IsServiceConfigured: False
[2025-12-24 01:56:02Z INFO ConfigurationStore] IsConfigured()
[2025-12-24 01:56:02Z INFO ConfigurationStore] IsConfigured: True
[2025-12-24 01:56:02Z INFO ConfigurationStore] HasCredentials()
[2025-12-24 01:56:02Z INFO ConfigurationStore] stored True
[2025-12-24 01:56:02Z INFO ConfigurationStore] Read setting file: 414 chars
[2025-12-24 01:56:02Z INFO CommandSettings] Arg 'token': ''
[2025-12-24 01:56:02Z INFO CommandSettings] Flag 'unattended': 'False'
[2025-12-24 01:56:02Z INFO PromptManager] ReadValue
[2025-12-24 01:56:02Z INFO Terminal] WRITE: Enter runner remove token: 
[2025-12-24 01:56:02Z INFO Terminal] READ SECRET
[2025-12-24 01:56:10Z INFO Terminal] Read value: '***'
[2025-12-24 01:56:10Z ERR  Terminal] WRITE ERROR: Http response code: NotFound from 'POST https://api.github.com/actions/runner-registration' (Request Id: FE78:11DD26:87EE7B:BAF7ED:694B483A)
[2025-12-24 01:56:10Z ERR  Terminal] WRITE ERROR: {"message":"Not Found","documentation_url":"https://docs.github.com/rest","status":"404"}
[2025-12-24 01:56:10Z ERR  Terminal] WRITE ERROR: Failed: Removing runner from the server
[2025-12-24 01:56:10Z ERR  Runner] System.Net.Http.HttpRequestException: Response status code does not indicate success: 404 (Not Found).
   at System.Net.Http.HttpResponseMessage.EnsureSuccessStatusCode()
   at GitHub.Runner.Listener.Configuration.ConfigurationManager.GetTenantCredential(String githubUrl, String githubToken, String runnerEvent)
   at GitHub.Runner.Listener.Configuration.ConfigurationManager.UnconfigureAsync(CommandSettings command)
   at GitHub.Runner.Listener.Runner.ExecuteCommand(CommandSettings command)
[2025-12-24 01:56:10Z ERR  Terminal] WRITE ERROR: Response status code does not indicate success: 404 (Not Found).
[2025-12-24 01:56:10Z INFO Listener] Runner execution has finished with return code 1
